<?xml version="1.0" encoding="UTF-8"?>
<coverage generated="1602351887917" clover="3.2.0">
  <project timestamp="1602351887917" name="All files">
    <metrics statements="110" coveredstatements="104" conditionals="37" coveredconditionals="34" methods="17" coveredmethods="16" elements="164" coveredelements="154" complexity="0" loc="110" ncloc="110" packages="5" files="10" classes="10"/>
    <package name="GraphQL">
      <metrics statements="23" coveredstatements="23" conditionals="4" coveredconditionals="4" methods="6" coveredmethods="6"/>
      <file name="resolvers.js" path="/Users/matthew/development/bigmac-server/GraphQL/resolvers.js">
        <metrics statements="20" coveredstatements="20" conditionals="4" coveredconditionals="4" methods="6" coveredmethods="6"/>
        <line num="1" count="2" type="stmt"/>
        <line num="2" count="2" type="stmt"/>
        <line num="7" count="2" type="stmt"/>
        <line num="15" count="5" type="stmt"/>
        <line num="16" count="1" type="stmt"/>
        <line num="20" count="1" type="stmt"/>
        <line num="21" count="1" type="stmt"/>
        <line num="24" count="1" type="stmt"/>
        <line num="25" count="58" type="stmt"/>
        <line num="26" count="58" type="stmt"/>
        <line num="27" count="58" type="stmt"/>
        <line num="30" count="1" type="stmt"/>
        <line num="37" count="3" type="stmt"/>
        <line num="38" count="3" type="cond" truecount="2" falsecount="0"/>
        <line num="39" count="3" type="cond" truecount="2" falsecount="0"/>
        <line num="40" count="3" type="stmt"/>
        <line num="44" count="1" type="stmt"/>
        <line num="45" count="1" type="stmt"/>
        <line num="53" count="59" type="stmt"/>
        <line num="58" count="2" type="stmt"/>
      </file>
      <file name="schema.js" path="/Users/matthew/development/bigmac-server/GraphQL/schema.js">
        <metrics statements="3" coveredstatements="3" conditionals="0" coveredconditionals="0" methods="0" coveredmethods="0"/>
        <line num="1" count="2" type="stmt"/>
        <line num="13" count="2" type="stmt"/>
        <line num="52" count="2" type="stmt"/>
      </file>
    </package>
    <package name="data-sources.big-mac-index">
      <metrics statements="47" coveredstatements="42" conditionals="17" coveredconditionals="15" methods="8" coveredmethods="7"/>
      <file name="bigMacIndex.js" path="/Users/matthew/development/bigmac-server/data-sources/big-mac-index/bigMacIndex.js">
        <metrics statements="45" coveredstatements="40" conditionals="17" coveredconditionals="15" methods="8" coveredmethods="7"/>
        <line num="1" count="2" type="stmt"/>
        <line num="2" count="2" type="stmt"/>
        <line num="4" count="2" type="stmt"/>
        <line num="5" count="2" type="stmt"/>
        <line num="6" count="2" type="stmt"/>
        <line num="14" count="2" type="stmt"/>
        <line num="15" count="2" type="stmt"/>
        <line num="16" count="2" type="stmt"/>
        <line num="24" count="4" type="stmt"/>
        <line num="37" count="4" type="cond" truecount="3" falsecount="1"/>
        <line num="38" count="0" type="stmt"/>
        <line num="40" count="4" type="stmt"/>
        <line num="41" count="4" type="cond" truecount="2" falsecount="0"/>
        <line num="42" count="4" type="stmt"/>
        <line num="43" count="4" type="stmt"/>
        <line num="44" count="61" type="stmt"/>
        <line num="45" count="61" type="cond" truecount="2" falsecount="0"/>
        <line num="46" count="59" type="stmt"/>
        <line num="47" count="59" type="cond" truecount="2" falsecount="0"/>
        <line num="48" count="59" type="stmt"/>
        <line num="50" count="59" type="stmt"/>
        <line num="52" count="2" type="stmt"/>
        <line num="55" count="4" type="stmt"/>
        <line num="62" count="1" type="stmt"/>
        <line num="63" count="1" type="stmt"/>
        <line num="64" count="58" type="stmt"/>
        <line num="65" count="1" type="stmt"/>
        <line num="76" count="5" type="cond" truecount="2" falsecount="0"/>
        <line num="82" count="1" type="stmt"/>
        <line num="83" count="1" type="stmt"/>
        <line num="88" count="1" type="stmt"/>
        <line num="91" count="1" type="stmt"/>
        <line num="93" count="1" type="stmt"/>
        <line num="94" count="1105" type="cond" truecount="2" falsecount="0"/>
        <line num="103" count="1104" type="stmt"/>
        <line num="107" count="1104" type="cond" truecount="2" falsecount="0"/>
        <line num="110" count="1104" type="stmt"/>
        <line num="122" count="1" type="stmt"/>
        <line num="123" count="1" type="stmt"/>
        <line num="125" count="0" type="stmt"/>
        <line num="126" count="0" type="stmt"/>
        <line num="134" count="0" type="stmt"/>
        <line num="135" count="0" type="stmt"/>
        <line num="139" count="2" type="stmt"/>
        <line num="141" count="2" type="stmt"/>
      </file>
      <file name="index.js" path="/Users/matthew/development/bigmac-server/data-sources/big-mac-index/index.js">
        <metrics statements="2" coveredstatements="2" conditionals="0" coveredconditionals="0" methods="0" coveredmethods="0"/>
        <line num="1" count="2" type="stmt"/>
        <line num="3" count="2" type="stmt"/>
      </file>
    </package>
    <package name="data-sources.ip-vigilante">
      <metrics statements="14" coveredstatements="13" conditionals="4" coveredconditionals="3" methods="1" coveredmethods="1"/>
      <file name="index.js" path="/Users/matthew/development/bigmac-server/data-sources/ip-vigilante/index.js">
        <metrics statements="2" coveredstatements="2" conditionals="0" coveredconditionals="0" methods="0" coveredmethods="0"/>
        <line num="1" count="2" type="stmt"/>
        <line num="3" count="2" type="stmt"/>
      </file>
      <file name="ipVigilante.js" path="/Users/matthew/development/bigmac-server/data-sources/ip-vigilante/ipVigilante.js">
        <metrics statements="12" coveredstatements="11" conditionals="4" coveredconditionals="3" methods="1" coveredmethods="1"/>
        <line num="1" count="2" type="stmt"/>
        <line num="2" count="2" type="stmt"/>
        <line num="4" count="2" type="stmt"/>
        <line num="16" count="2" type="stmt"/>
        <line num="17" count="5" type="cond" truecount="2" falsecount="0"/>
        <line num="19" count="2" type="stmt"/>
        <line num="22" count="2" type="stmt"/>
        <line num="24" count="1" type="cond" truecount="1" falsecount="1"/>
        <line num="25" count="0" type="stmt"/>
        <line num="27" count="1" type="stmt"/>
        <line num="30" count="1" type="stmt"/>
        <line num="33" count="2" type="stmt"/>
      </file>
    </package>
    <package name="helpers">
      <metrics statements="11" coveredstatements="11" conditionals="12" coveredconditionals="12" methods="2" coveredmethods="2"/>
      <file name="helpers.js" path="/Users/matthew/development/bigmac-server/helpers/helpers.js">
        <metrics statements="9" coveredstatements="9" conditionals="12" coveredconditionals="12" methods="2" coveredmethods="2"/>
        <line num="7" count="3" type="stmt"/>
        <line num="8" count="12" type="cond" truecount="4" falsecount="0"/>
        <line num="9" count="9" type="stmt"/>
        <line num="10" count="9" type="stmt"/>
        <line num="18" count="3" type="stmt"/>
        <line num="28" count="3" type="stmt"/>
        <line num="29" count="27" type="stmt"/>
        <line num="30" count="27" type="cond" truecount="3" falsecount="0"/>
        <line num="33" count="3" type="stmt"/>
      </file>
      <file name="index.js" path="/Users/matthew/development/bigmac-server/helpers/index.js">
        <metrics statements="2" coveredstatements="2" conditionals="0" coveredconditionals="0" methods="0" coveredmethods="0"/>
        <line num="1" count="2" type="stmt"/>
        <line num="3" count="2" type="stmt"/>
      </file>
    </package>
    <package name="test">
      <metrics statements="15" coveredstatements="15" conditionals="0" coveredconditionals="0" methods="0" coveredmethods="0"/>
      <file name="query.js" path="/Users/matthew/development/bigmac-server/test/query.js">
        <metrics statements="8" coveredstatements="8" conditionals="0" coveredconditionals="0" methods="0" coveredmethods="0"/>
        <line num="1" count="2" type="stmt"/>
        <line num="9" count="2" type="stmt"/>
        <line num="10" count="2" type="stmt"/>
        <line num="24" count="2" type="stmt"/>
        <line num="25" count="2" type="stmt"/>
        <line num="39" count="2" type="stmt"/>
        <line num="40" count="2" type="stmt"/>
        <line num="48" count="2" type="stmt"/>
      </file>
      <file name="testClientAndServer.js" path="/Users/matthew/development/bigmac-server/test/testClientAndServer.js">
        <metrics statements="7" coveredstatements="7" conditionals="0" coveredconditionals="0" methods="0" coveredmethods="0"/>
        <line num="1" count="2" type="stmt"/>
        <line num="2" count="2" type="stmt"/>
        <line num="3" count="2" type="stmt"/>
        <line num="4" count="2" type="stmt"/>
        <line num="8" count="2" type="stmt"/>
        <line num="14" count="2" type="stmt"/>
        <line num="19" count="2" type="stmt"/>
      </file>
    </package>
  </project>
</coverage>
