{"/Users/matthew/development/bigmac-server/GraphQL/resolvers.js": {"path":"/Users/matthew/development/bigmac-server/GraphQL/resolvers.js","statementMap":{"0":{"start":{"line":1,"column":20},"end":{"line":1,"column":59}},"1":{"start":{"line":2,"column":20},"end":{"line":2,"column":60}},"2":{"start":{"line":7,"column":18},"end":{"line":56,"column":1}},"3":{"start":{"line":15,"column":10},"end":{"line":15,"column":36}},"4":{"start":{"line":16,"column":6},"end":{"line":16,"column":47}},"5":{"start":{"line":20,"column":20},"end":{"line":20,"column":54}},"6":{"start":{"line":21,"column":21},"end":{"line":21,"column":23}},"7":{"start":{"line":24,"column":6},"end":{"line":28,"column":9}},"8":{"start":{"line":25,"column":30},"end":{"line":25,"column":31}},"9":{"start":{"line":26,"column":8},"end":{"line":26,"column":57}},"10":{"start":{"line":27,"column":8},"end":{"line":27,"column":44}},"11":{"start":{"line":30,"column":6},"end":{"line":30,"column":20}},"12":{"start":{"line":37,"column":20},"end":{"line":37,"column":68}},"13":{"start":{"line":38,"column":23},"end":{"line":38,"column":48}},"14":{"start":{"line":39,"column":6},"end":{"line":39,"column":55}},"15":{"start":{"line":39,"column":18},"end":{"line":39,"column":55}},"16":{"start":{"line":40,"column":6},"end":{"line":40,"column":20}},"17":{"start":{"line":44,"column":24},"end":{"line":44,"column":56}},"18":{"start":{"line":45,"column":6},"end":{"line":45,"column":41}},"19":{"start":{"line":53,"column":6},"end":{"line":53,"column":56}},"20":{"start":{"line":58,"column":0},"end":{"line":58,"column":27}}},"fnMap":{"0":{"name":"(anonymous_0)","decl":{"start":{"line":10,"column":17},"end":{"line":10,"column":18}},"loc":{"start":{"line":10,"column":41},"end":{"line":17,"column":5}},"line":10},"1":{"name":"(anonymous_1)","decl":{"start":{"line":19,"column":27},"end":{"line":19,"column":28}},"loc":{"start":{"line":19,"column":39},"end":{"line":31,"column":5}},"line":19},"2":{"name":"(anonymous_2)","decl":{"start":{"line":24,"column":36},"end":{"line":24,"column":37}},"loc":{"start":{"line":24,"column":47},"end":{"line":28,"column":7}},"line":24},"3":{"name":"(anonymous_3)","decl":{"start":{"line":36,"column":26},"end":{"line":36,"column":27}},"loc":{"start":{"line":36,"column":50},"end":{"line":41,"column":5}},"line":36},"4":{"name":"(anonymous_4)","decl":{"start":{"line":43,"column":28},"end":{"line":43,"column":29}},"loc":{"start":{"line":43,"column":40},"end":{"line":46,"column":5}},"line":43},"5":{"name":"(anonymous_5)","decl":{"start":{"line":51,"column":10},"end":{"line":51,"column":11}},"loc":{"start":{"line":51,"column":22},"end":{"line":54,"column":5}},"line":51}},"branchMap":{"0":{"loc":{"start":{"line":38,"column":23},"end":{"line":38,"column":48}},"type":"binary-expr","locations":[{"start":{"line":38,"column":23},"end":{"line":38,"column":42}},{"start":{"line":38,"column":46},"end":{"line":38,"column":48}}],"line":38},"1":{"loc":{"start":{"line":39,"column":6},"end":{"line":39,"column":55}},"type":"if","locations":[{"start":{"line":39,"column":6},"end":{"line":39,"column":55}},{"start":{"line":39,"column":6},"end":{"line":39,"column":55}}],"line":39}},"s":{"0":2,"1":2,"2":2,"3":5,"4":1,"5":1,"6":1,"7":1,"8":58,"9":58,"10":58,"11":1,"12":3,"13":3,"14":3,"15":1,"16":3,"17":1,"18":1,"19":59,"20":2},"f":{"0":5,"1":1,"2":58,"3":3,"4":1,"5":59},"b":{"0":[3,2],"1":[1,2]},"_coverageSchema":"1a1c01bbd47fc00a2c39e90264f33305004495a9","hash":"5084093b430fac9bdc1bff6b41ffc8465ffd35f6"}
,"/Users/matthew/development/bigmac-server/GraphQL/schema.js": {"path":"/Users/matthew/development/bigmac-server/GraphQL/schema.js","statementMap":{"0":{"start":{"line":1,"column":16},"end":{"line":1,"column":40}},"1":{"start":{"line":13,"column":17},"end":{"line":50,"column":1}},"2":{"start":{"line":52,"column":0},"end":{"line":52,"column":26}}},"fnMap":{},"branchMap":{},"s":{"0":2,"1":2,"2":2},"f":{},"b":{},"_coverageSchema":"1a1c01bbd47fc00a2c39e90264f33305004495a9","hash":"bc6f82abf49c59732183a0f9041db059d0d71455"}
,"/Users/matthew/development/bigmac-server/data-sources/big-mac-index/bigMacIndex.js": {"path":"/Users/matthew/development/bigmac-server/data-sources/big-mac-index/bigMacIndex.js","statementMap":{"0":{"start":{"line":1,"column":9},"end":{"line":1,"column":31}},"1":{"start":{"line":2,"column":13},"end":{"line":2,"column":28}},"2":{"start":{"line":4,"column":20},"end":{"line":4,"column":50}},"3":{"start":{"line":5,"column":21},"end":{"line":5,"column":27}},"4":{"start":{"line":6,"column":18},"end":{"line":6,"column":24}},"5":{"start":{"line":14,"column":4},"end":{"line":14,"column":29}},"6":{"start":{"line":15,"column":4},"end":{"line":15,"column":29}},"7":{"start":{"line":16,"column":4},"end":{"line":16,"column":24}},"8":{"start":{"line":24,"column":4},"end":{"line":24,"column":54}},"9":{"start":{"line":37,"column":4},"end":{"line":38,"column":63}},"10":{"start":{"line":38,"column":6},"end":{"line":38,"column":63}},"11":{"start":{"line":40,"column":17},"end":{"line":40,"column":40}},"12":{"start":{"line":41,"column":17},"end":{"line":41,"column":50}},"13":{"start":{"line":42,"column":19},"end":{"line":42,"column":21}},"14":{"start":{"line":43,"column":4},"end":{"line":54,"column":5}},"15":{"start":{"line":44,"column":20},"end":{"line":44,"column":31}},"16":{"start":{"line":45,"column":6},"end":{"line":53,"column":7}},"17":{"start":{"line":46,"column":26},"end":{"line":46,"column":28}},"18":{"start":{"line":47,"column":8},"end":{"line":49,"column":9}},"19":{"start":{"line":47,"column":21},"end":{"line":47,"column":22}},"20":{"start":{"line":48,"column":10},"end":{"line":48,"column":56}},"21":{"start":{"line":50,"column":8},"end":{"line":50,"column":30}},"22":{"start":{"line":52,"column":8},"end":{"line":52,"column":30}},"23":{"start":{"line":55,"column":4},"end":{"line":55,"column":18}},"24":{"start":{"line":62,"column":17},"end":{"line":62,"column":40}},"25":{"start":{"line":63,"column":19},"end":{"line":63,"column":21}},"26":{"start":{"line":64,"column":4},"end":{"line":64,"column":59}},"27":{"start":{"line":64,"column":33},"end":{"line":64,"column":59}},"28":{"start":{"line":65,"column":4},"end":{"line":65,"column":18}},"29":{"start":{"line":76,"column":4},"end":{"line":76,"column":55}},"30":{"start":{"line":82,"column":4},"end":{"line":127,"column":5}},"31":{"start":{"line":83,"column":19},"end":{"line":86,"column":7}},"32":{"start":{"line":88,"column":20},"end":{"line":88,"column":41}},"33":{"start":{"line":91,"column":21},"end":{"line":91,"column":30}},"34":{"start":{"line":93,"column":6},"end":{"line":120,"column":9}},"35":{"start":{"line":94,"column":8},"end":{"line":119,"column":9}},"36":{"start":{"line":103,"column":14},"end":{"line":103,"column":27}},"37":{"start":{"line":107,"column":12},"end":{"line":107,"column":71}},"38":{"start":{"line":110,"column":10},"end":{"line":118,"column":12}},"39":{"start":{"line":122,"column":6},"end":{"line":122,"column":28}},"40":{"start":{"line":123,"column":6},"end":{"line":123,"column":20}},"41":{"start":{"line":125,"column":6},"end":{"line":125,"column":23}},"42":{"start":{"line":126,"column":6},"end":{"line":126,"column":14}},"43":{"start":{"line":134,"column":16},"end":{"line":134,"column":39}},"44":{"start":{"line":135,"column":4},"end":{"line":135,"column":21}},"45":{"start":{"line":139,"column":17},"end":{"line":139,"column":59}},"46":{"start":{"line":141,"column":0},"end":{"line":141,"column":26}}},"fnMap":{"0":{"name":"(anonymous_0)","decl":{"start":{"line":13,"column":2},"end":{"line":13,"column":3}},"loc":{"start":{"line":13,"column":34},"end":{"line":17,"column":3}},"line":13},"1":{"name":"(anonymous_1)","decl":{"start":{"line":23,"column":2},"end":{"line":23,"column":3}},"loc":{"start":{"line":23,"column":43},"end":{"line":25,"column":3}},"line":23},"2":{"name":"(anonymous_2)","decl":{"start":{"line":36,"column":2},"end":{"line":36,"column":3}},"loc":{"start":{"line":36,"column":75},"end":{"line":56,"column":3}},"line":36},"3":{"name":"(anonymous_3)","decl":{"start":{"line":61,"column":2},"end":{"line":61,"column":3}},"loc":{"start":{"line":61,"column":23},"end":{"line":66,"column":3}},"line":61},"4":{"name":"(anonymous_4)","decl":{"start":{"line":75,"column":2},"end":{"line":75,"column":3}},"loc":{"start":{"line":75,"column":21},"end":{"line":77,"column":3}},"line":75},"5":{"name":"(anonymous_5)","decl":{"start":{"line":81,"column":2},"end":{"line":81,"column":3}},"loc":{"start":{"line":81,"column":23},"end":{"line":128,"column":3}},"line":81},"6":{"name":"(anonymous_6)","decl":{"start":{"line":93,"column":20},"end":{"line":93,"column":21}},"loc":{"start":{"line":93,"column":33},"end":{"line":120,"column":7}},"line":93},"7":{"name":"(anonymous_7)","decl":{"start":{"line":133,"column":2},"end":{"line":133,"column":3}},"loc":{"start":{"line":133,"column":16},"end":{"line":136,"column":3}},"line":133}},"branchMap":{"0":{"loc":{"start":{"line":36,"column":37},"end":{"line":36,"column":73}},"type":"default-arg","locations":[{"start":{"line":36,"column":50},"end":{"line":36,"column":73}}],"line":36},"1":{"loc":{"start":{"line":37,"column":4},"end":{"line":38,"column":63}},"type":"if","locations":[{"start":{"line":37,"column":4},"end":{"line":38,"column":63}},{"start":{"line":37,"column":4},"end":{"line":38,"column":63}}],"line":37},"2":{"loc":{"start":{"line":37,"column":8},"end":{"line":37,"column":64}},"type":"binary-expr","locations":[{"start":{"line":37,"column":8},"end":{"line":37,"column":26}},{"start":{"line":37,"column":30},"end":{"line":37,"column":64}}],"line":37},"3":{"loc":{"start":{"line":41,"column":17},"end":{"line":41,"column":50}},"type":"binary-expr","locations":[{"start":{"line":41,"column":17},"end":{"line":41,"column":35}},{"start":{"line":41,"column":39},"end":{"line":41,"column":50}}],"line":41},"4":{"loc":{"start":{"line":45,"column":6},"end":{"line":53,"column":7}},"type":"if","locations":[{"start":{"line":45,"column":6},"end":{"line":53,"column":7}},{"start":{"line":45,"column":6},"end":{"line":53,"column":7}}],"line":45},"5":{"loc":{"start":{"line":47,"column":24},"end":{"line":47,"column":58}},"type":"binary-expr","locations":[{"start":{"line":47,"column":24},"end":{"line":47,"column":40}},{"start":{"line":47,"column":44},"end":{"line":47,"column":58}}],"line":47},"6":{"loc":{"start":{"line":76,"column":11},"end":{"line":76,"column":54}},"type":"binary-expr","locations":[{"start":{"line":76,"column":11},"end":{"line":76,"column":23}},{"start":{"line":76,"column":28},"end":{"line":76,"column":53}}],"line":76},"7":{"loc":{"start":{"line":94,"column":8},"end":{"line":119,"column":9}},"type":"if","locations":[{"start":{"line":94,"column":8},"end":{"line":119,"column":9}},{"start":{"line":94,"column":8},"end":{"line":119,"column":9}}],"line":94},"8":{"loc":{"start":{"line":107,"column":12},"end":{"line":107,"column":71}},"type":"binary-expr","locations":[{"start":{"line":107,"column":12},"end":{"line":107,"column":31}},{"start":{"line":107,"column":35},"end":{"line":107,"column":71}}],"line":107}},"s":{"0":2,"1":2,"2":2,"3":2,"4":2,"5":2,"6":2,"7":2,"8":4,"9":4,"10":0,"11":4,"12":4,"13":4,"14":4,"15":61,"16":61,"17":59,"18":59,"19":59,"20":59,"21":59,"22":2,"23":4,"24":1,"25":1,"26":1,"27":58,"28":1,"29":5,"30":1,"31":1,"32":1,"33":1,"34":1,"35":1105,"36":1104,"37":1104,"38":1104,"39":1,"40":1,"41":0,"42":0,"43":0,"44":0,"45":2,"46":2},"f":{"0":2,"1":4,"2":4,"3":1,"4":5,"5":1,"6":1105,"7":0},"b":{"0":[0],"1":[0,4],"2":[4,3],"3":[4,1],"4":[59,2],"5":[118,118],"6":[5,1],"7":[1104,1],"8":[1104,58]},"_coverageSchema":"1a1c01bbd47fc00a2c39e90264f33305004495a9","hash":"93e60a86f63c95d5cc986c57e49007411673a749"}
,"/Users/matthew/development/bigmac-server/data-sources/big-mac-index/index.js": {"path":"/Users/matthew/development/bigmac-server/data-sources/big-mac-index/index.js","statementMap":{"0":{"start":{"line":1,"column":17},"end":{"line":1,"column":41}},"1":{"start":{"line":3,"column":0},"end":{"line":3,"column":26}}},"fnMap":{},"branchMap":{},"s":{"0":2,"1":2},"f":{},"b":{},"_coverageSchema":"1a1c01bbd47fc00a2c39e90264f33305004495a9","hash":"bcc5a19d01b8ca4d5e12c22126e9e461e657eac3"}
,"/Users/matthew/development/bigmac-server/data-sources/ip-vigilante/index.js": {"path":"/Users/matthew/development/bigmac-server/data-sources/ip-vigilante/index.js","statementMap":{"0":{"start":{"line":1,"column":20},"end":{"line":1,"column":44}},"1":{"start":{"line":3,"column":0},"end":{"line":3,"column":29}}},"fnMap":{},"branchMap":{},"s":{"0":2,"1":2},"f":{},"b":{},"_coverageSchema":"1a1c01bbd47fc00a2c39e90264f33305004495a9","hash":"a2d3996eeefc8ec066e013a58b280d02030b50fc"}
,"/Users/matthew/development/bigmac-server/data-sources/ip-vigilante/ipVigilante.js": {"path":"/Users/matthew/development/bigmac-server/data-sources/ip-vigilante/ipVigilante.js","statementMap":{"0":{"start":{"line":1,"column":14},"end":{"line":1,"column":30}},"1":{"start":{"line":2,"column":15},"end":{"line":2,"column":39}},"2":{"start":{"line":4,"column":17},"end":{"line":7,"column":2}},"3":{"start":{"line":16,"column":20},"end":{"line":32,"column":1}},"4":{"start":{"line":17,"column":2},"end":{"line":17,"column":60}},"5":{"start":{"line":17,"column":19},"end":{"line":17,"column":60}},"6":{"start":{"line":19,"column":2},"end":{"line":31,"column":3}},"7":{"start":{"line":22,"column":8},"end":{"line":22,"column":36}},"8":{"start":{"line":24,"column":4},"end":{"line":25,"column":78}},"9":{"start":{"line":25,"column":6},"end":{"line":25,"column":78}},"10":{"start":{"line":27,"column":4},"end":{"line":27,"column":16}},"11":{"start":{"line":30,"column":4},"end":{"line":30,"column":12}},"12":{"start":{"line":33,"column":0},"end":{"line":33,"column":29}}},"fnMap":{"0":{"name":"(anonymous_0)","decl":{"start":{"line":16,"column":20},"end":{"line":16,"column":21}},"loc":{"start":{"line":16,"column":34},"end":{"line":32,"column":1}},"line":16}},"branchMap":{"0":{"loc":{"start":{"line":17,"column":2},"end":{"line":17,"column":60}},"type":"if","locations":[{"start":{"line":17,"column":2},"end":{"line":17,"column":60}},{"start":{"line":17,"column":2},"end":{"line":17,"column":60}}],"line":17},"1":{"loc":{"start":{"line":24,"column":4},"end":{"line":25,"column":78}},"type":"if","locations":[{"start":{"line":24,"column":4},"end":{"line":25,"column":78}},{"start":{"line":24,"column":4},"end":{"line":25,"column":78}}],"line":24}},"s":{"0":2,"1":2,"2":2,"3":2,"4":5,"5":3,"6":2,"7":2,"8":1,"9":0,"10":1,"11":1,"12":2},"f":{"0":5},"b":{"0":[3,2],"1":[0,1]},"_coverageSchema":"1a1c01bbd47fc00a2c39e90264f33305004495a9","hash":"eb07f832aed643eb7aed479fad988b4ba5034627"}
,"/Users/matthew/development/bigmac-server/helpers/helpers.js": {"path":"/Users/matthew/development/bigmac-server/helpers/helpers.js","statementMap":{"0":{"start":{"line":7,"column":15},"end":{"line":20,"column":1}},"1":{"start":{"line":8,"column":2},"end":{"line":19,"column":3}},"2":{"start":{"line":9,"column":38},"end":{"line":9,"column":51}},"3":{"start":{"line":10,"column":4},"end":{"line":16,"column":6}},"4":{"start":{"line":18,"column":4},"end":{"line":18,"column":17}},"5":{"start":{"line":28,"column":29},"end":{"line":31,"column":1}},"6":{"start":{"line":29,"column":12},"end":{"line":29,"column":29}},"7":{"start":{"line":30,"column":2},"end":{"line":30,"column":51}},"8":{"start":{"line":33,"column":0},"end":{"line":33,"column":24}}},"fnMap":{"0":{"name":"(anonymous_0)","decl":{"start":{"line":7,"column":15},"end":{"line":7,"column":16}},"loc":{"start":{"line":7,"column":23},"end":{"line":20,"column":1}},"line":7},"1":{"name":"(anonymous_1)","decl":{"start":{"line":28,"column":29},"end":{"line":28,"column":30}},"loc":{"start":{"line":28,"column":44},"end":{"line":31,"column":1}},"line":28}},"branchMap":{"0":{"loc":{"start":{"line":8,"column":2},"end":{"line":19,"column":3}},"type":"if","locations":[{"start":{"line":8,"column":2},"end":{"line":19,"column":3}},{"start":{"line":8,"column":2},"end":{"line":19,"column":3}}],"line":8},"1":{"loc":{"start":{"line":8,"column":6},"end":{"line":8,"column":34}},"type":"binary-expr","locations":[{"start":{"line":8,"column":6},"end":{"line":8,"column":8}},{"start":{"line":8,"column":12},"end":{"line":8,"column":34}}],"line":8},"2":{"loc":{"start":{"line":11,"column":6},"end":{"line":15,"column":30}},"type":"binary-expr","locations":[{"start":{"line":11,"column":6},"end":{"line":11,"column":23}},{"start":{"line":12,"column":6},"end":{"line":12,"column":30}},{"start":{"line":13,"column":6},"end":{"line":13,"column":30}},{"start":{"line":14,"column":6},"end":{"line":14,"column":30}},{"start":{"line":15,"column":6},"end":{"line":15,"column":30}}],"line":11},"3":{"loc":{"start":{"line":30,"column":9},"end":{"line":30,"column":50}},"type":"binary-expr","locations":[{"start":{"line":30,"column":9},"end":{"line":30,"column":28}},{"start":{"line":30,"column":32},"end":{"line":30,"column":38}},{"start":{"line":30,"column":42},"end":{"line":30,"column":50}}],"line":30}},"s":{"0":3,"1":12,"2":9,"3":9,"4":3,"5":3,"6":27,"7":27,"8":3},"f":{"0":12,"1":27},"b":{"0":[9,3],"1":[12,9],"2":[9,9,6,6,6],"3":[27,23,22]},"_coverageSchema":"1a1c01bbd47fc00a2c39e90264f33305004495a9","hash":"9e3a992edc0da0ff02b5b0778f4f117747366274"}
,"/Users/matthew/development/bigmac-server/helpers/index.js": {"path":"/Users/matthew/development/bigmac-server/helpers/index.js","statementMap":{"0":{"start":{"line":1,"column":15},"end":{"line":1,"column":35}},"1":{"start":{"line":3,"column":0},"end":{"line":3,"column":24}}},"fnMap":{},"branchMap":{},"s":{"0":2,"1":2},"f":{},"b":{},"_coverageSchema":"1a1c01bbd47fc00a2c39e90264f33305004495a9","hash":"6a3cb3769a4bcd9430e7fb2e33b8509c20be0358"}
,"/Users/matthew/development/bigmac-server/test/query.js": {"path":"/Users/matthew/development/bigmac-server/test/query.js","statementMap":{"0":{"start":{"line":1,"column":31},"end":{"line":8,"column":1}},"1":{"start":{"line":9,"column":0},"end":{"line":9,"column":56}},"2":{"start":{"line":10,"column":30},"end":{"line":23,"column":1}},"3":{"start":{"line":24,"column":0},"end":{"line":24,"column":54}},"4":{"start":{"line":25,"column":29},"end":{"line":38,"column":1}},"5":{"start":{"line":39,"column":0},"end":{"line":39,"column":52}},"6":{"start":{"line":40,"column":20},"end":{"line":47,"column":1}},"7":{"start":{"line":48,"column":0},"end":{"line":48,"column":34}}},"fnMap":{},"branchMap":{},"s":{"0":2,"1":2,"2":2,"3":2,"4":2,"5":2,"6":2,"7":2},"f":{},"b":{},"_coverageSchema":"1a1c01bbd47fc00a2c39e90264f33305004495a9","hash":"bb7832925f73415810459bcbd31a49976446631b"}
,"/Users/matthew/development/bigmac-server/test/testClientAndServer.js": {"path":"/Users/matthew/development/bigmac-server/test/testClientAndServer.js","statementMap":{"0":{"start":{"line":1,"column":29},"end":{"line":1,"column":61}},"1":{"start":{"line":2,"column":25},"end":{"line":2,"column":49}},"2":{"start":{"line":3,"column":17},"end":{"line":3,"column":45}},"3":{"start":{"line":4,"column":18},"end":{"line":4,"column":49}},"4":{"start":{"line":8,"column":15},"end":{"line":12,"column":2}},"5":{"start":{"line":14,"column":18},"end":{"line":14,"column":42}},"6":{"start":{"line":19,"column":0},"end":{"line":19,"column":23}}},"fnMap":{},"branchMap":{},"s":{"0":2,"1":2,"2":2,"3":2,"4":2,"5":2,"6":2},"f":{},"b":{},"_coverageSchema":"1a1c01bbd47fc00a2c39e90264f33305004495a9","hash":"c596e9e99820c43e33d597695e23ea48b765f200"}
}
