TN:
SF:GraphQL/resolvers.js
FN:10,(anonymous_0)
FN:19,(anonymous_1)
FN:24,(anonymous_2)
FN:36,(anonymous_3)
FN:43,(anonymous_4)
FN:51,(anonymous_5)
FNF:6
FNH:6
FNDA:5,(anonymous_0)
FNDA:1,(anonymous_1)
FNDA:58,(anonymous_2)
FNDA:3,(anonymous_3)
FNDA:1,(anonymous_4)
FNDA:59,(anonymous_5)
DA:1,2
DA:2,2
DA:7,2
DA:15,5
DA:16,1
DA:20,1
DA:21,1
DA:24,1
DA:25,58
DA:26,58
DA:27,58
DA:30,1
DA:37,3
DA:38,3
DA:39,3
DA:40,3
DA:44,1
DA:45,1
DA:53,59
DA:58,2
LF:20
LH:20
BRDA:38,0,0,3
BRDA:38,0,1,2
BRDA:39,1,0,1
BRDA:39,1,1,2
BRF:4
BRH:4
end_of_record
TN:
SF:GraphQL/schema.js
FNF:0
FNH:0
DA:1,2
DA:13,2
DA:52,2
LF:3
LH:3
BRF:0
BRH:0
end_of_record
TN:
SF:GraphQL/__tests__/test_modules/query.js
FNF:0
FNH:0
DA:1,2
DA:9,2
DA:10,2
DA:24,2
DA:25,2
DA:39,2
DA:40,2
DA:48,2
LF:8
LH:8
BRF:0
BRH:0
end_of_record
TN:
SF:GraphQL/__tests__/test_modules/testClientAndServer.js
FNF:0
FNH:0
DA:1,2
DA:2,2
DA:3,2
DA:4,2
DA:8,2
DA:14,2
DA:19,2
LF:7
LH:7
BRF:0
BRH:0
end_of_record
TN:
SF:data-sources/big-mac-index/bigMacIndex.js
FN:13,(anonymous_0)
FN:23,(anonymous_1)
FN:36,(anonymous_2)
FN:61,(anonymous_3)
FN:75,(anonymous_4)
FN:81,(anonymous_5)
FN:92,(anonymous_6)
FNF:7
FNH:7
FNDA:3,(anonymous_0)
FNDA:6,(anonymous_1)
FNDA:6,(anonymous_2)
FNDA:1,(anonymous_3)
FNDA:5,(anonymous_4)
FNDA:1,(anonymous_5)
FNDA:1105,(anonymous_6)
DA:1,3
DA:2,3
DA:4,3
DA:5,3
DA:6,3
DA:14,3
DA:15,3
DA:16,3
DA:24,6
DA:37,6
DA:38,2
DA:40,4
DA:41,4
DA:42,4
DA:43,4
DA:44,61
DA:45,61
DA:46,59
DA:47,59
DA:48,59
DA:50,59
DA:52,2
DA:55,4
DA:62,1
DA:63,1
DA:64,58
DA:65,1
DA:76,5
DA:82,1
DA:87,1
DA:90,1
DA:92,1
DA:93,1105
DA:102,1104
DA:106,1104
DA:109,1104
DA:121,1
DA:122,1
DA:134,3
DA:136,3
LF:40
LH:40
BRDA:36,0,0,0
BRDA:37,1,0,2
BRDA:37,1,1,4
BRDA:37,2,0,6
BRDA:37,2,1,5
BRDA:41,3,0,4
BRDA:41,3,1,1
BRDA:45,4,0,59
BRDA:45,4,1,2
BRDA:47,5,0,118
BRDA:47,5,1,118
BRDA:76,6,0,5
BRDA:76,6,1,1
BRDA:93,7,0,1104
BRDA:93,7,1,1
BRDA:106,8,0,1104
BRDA:106,8,1,58
BRF:17
BRH:16
end_of_record
TN:
SF:data-sources/big-mac-index/index.js
FNF:0
FNH:0
DA:1,2
DA:3,2
LF:2
LH:2
BRF:0
BRH:0
end_of_record
TN:
SF:data-sources/ip-vigilante/index.js
FNF:0
FNH:0
DA:1,2
DA:3,2
LF:2
LH:2
BRF:0
BRH:0
end_of_record
TN:
SF:data-sources/ip-vigilante/ipVigilante.js
FN:16,(anonymous_0)
FNF:1
FNH:1
FNDA:5,(anonymous_0)
DA:1,2
DA:2,2
DA:4,2
DA:16,2
DA:17,5
DA:19,2
DA:22,2
DA:24,1
DA:25,0
DA:27,1
DA:30,1
DA:33,2
LF:12
LH:11
BRDA:17,0,0,3
BRDA:17,0,1,2
BRDA:24,1,0,0
BRDA:24,1,1,1
BRF:4
BRH:3
end_of_record
TN:
SF:helpers/helpers.js
FN:7,(anonymous_0)
FN:28,(anonymous_1)
FNF:2
FNH:2
FNDA:12,(anonymous_0)
FNDA:27,(anonymous_1)
DA:7,3
DA:8,12
DA:9,9
DA:10,9
DA:18,3
DA:28,3
DA:29,27
DA:30,27
DA:33,3
LF:9
LH:9
BRDA:8,0,0,9
BRDA:8,0,1,3
BRDA:8,1,0,12
BRDA:8,1,1,9
BRDA:11,2,0,9
BRDA:11,2,1,9
BRDA:11,2,2,6
BRDA:11,2,3,6
BRDA:11,2,4,6
BRDA:30,3,0,27
BRDA:30,3,1,23
BRDA:30,3,2,22
BRF:12
BRH:12
end_of_record
TN:
SF:helpers/index.js
FNF:0
FNH:0
DA:1,2
DA:3,2
LF:2
LH:2
BRF:0
BRH:0
end_of_record
